2026-04-01 21:28:20,464 INFO     Regiones aplicadas para resolución 720p
2026-04-01 21:28:20,465 INFO     Iniciando Helisa Bot
2026-04-01 21:28:33,315 INFO     No hay regiones para resolución 1080p, mantengo valores actuales
2026-04-01 21:30:51,910 INFO     Regiones aplicadas para resolución 720p
2026-04-01 21:30:51,911 INFO     Iniciando Helisa Bot
2026-04-01 21:40:13,547 INFO     Regiones aplicadas para resolución 720p
2026-04-01 21:40:13,548 INFO     Iniciando Helisa Bot
2026-04-01 21:44:26,386 INFO     Regiones aplicadas para resolución 720p
2026-04-01 21:44:26,387 INFO     Iniciando Helisa Bot
2026-04-01 21:45:15,863 INFO     Regiones aplicadas para resolución 720p
2026-04-01 21:45:15,864 INFO     Iniciando Helisa Bot
2026-04-01 21:46:04,809 INFO     Regiones aplicadas para resolución 720p
2026-04-01 21:46:04,810 INFO     Iniciando Helisa Bot
2026-04-01 21:46:19,770 INFO     No hay regiones para resolución 1080p, mantengo valores actuales
2026-04-01 21:48:36,708 INFO     No hay regiones para resolución 1080p, mantengo valores actuales
2026-04-01 21:48:36,710 INFO     Iniciando Helisa Bot
2026-04-01 21:49:31,073 INFO     No hay regiones para resolución 1080p, mantengo valores actuales
2026-04-01 21:49:31,074 INFO     Iniciando Helisa Bot
2026-04-01 21:49:49,443 INFO     No hay regiones para resolución 1080p, mantengo valores actuales
2026-04-01 21:49:49,443 INFO     Iniciando Helisa Bot
2026-04-01 21:51:29,217 INFO     No hay regiones para resolución 1080p, mantengo valores actuales
2026-04-01 21:51:29,218 INFO     Iniciando Helisa Bot
2026-04-01 21:51:50,629 INFO     No hay regiones para resolución 1080p, mantengo valores actuales
2026-04-01 21:51:50,630 INFO     Iniciando Helisa Bot
2026-04-01 21:52:20,219 INFO     No hay regiones para resolución 1080p, mantengo valores actuales
2026-04-01 21:52:20,219 INFO     Iniciando Helisa Bot
2026-04-01 21:53:15,954 INFO     No hay regiones para resolución 1080p, mantengo valores actuales
2026-04-01 21:53:15,955 INFO     Iniciando Helisa Bot
2026-04-01 21:53:42,397 INFO     No hay regiones para resolución 1080p, mantengo valores actuales
2026-04-01 21:53:42,397 INFO     Iniciando Helisa Bot
2026-04-01 21:54:23,844 INFO     No hay regiones para resolución 1080p, mantengo valores actuales
2026-04-01 21:54:23,845 INFO     Iniciando Helisa Bot
2026-04-01 21:55:23,827 INFO     No hay regiones para resolución 1080p, mantengo valores actuales
2026-04-01 21:55:23,827 INFO     Iniciando Helisa Bot
2026-04-01 21:56:18,166 INFO     No hay regiones para resolución 1080p, mantengo valores actuales
2026-04-01 21:56:18,167 INFO     Iniciando Helisa Bot
2026-04-01 21:58:15,169 INFO     No hay regiones para resolución 1080p, mantengo valores actuales
2026-04-01 21:58:15,170 INFO     Iniciando Helisa Bot
2026-04-01 22:01:59,687 INFO     No hay regiones para resolución 1080p, mantengo valores actuales
2026-04-01 22:01:59,689 INFO     Iniciando Helisa Bot
2026-04-01 22:03:45,706 INFO     No hay regiones para resolución 1080p, mantengo valores actuales
2026-04-01 22:03:45,707 INFO     Iniciando Helisa Bot
2026-04-01 22:08:25,527 INFO     No hay regiones para resolución 1080p, mantengo valores actuales
2026-04-01 22:08:25,528 INFO     Iniciando Helisa Bot
2026-04-01 22:09:35,456 INFO     No hay regiones para resolución 1080p, mantengo valores actuales
2026-04-01 22:09:35,456 INFO     Iniciando Helisa Bot
2026-04-01 22:09:44,041 INFO     Overlay: click-through activado (Windows)
2026-04-01 22:13:10,996 INFO     No hay regiones para resolución 1080p, mantengo valores actuales
2026-04-01 22:13:10,997 INFO     Iniciando Helisa Bot
2026-04-01 22:13:19,163 INFO     Overlay: click-through activado (Windows)
2026-04-01 22:15:24,301 INFO     No hay regiones para resolución 1080p, mantengo valores actuales
2026-04-01 22:15:24,301 INFO     Iniciando Helisa Bot
2026-04-01 22:15:30,271 INFO     Overlay: click-through + no-activate activado (Windows)
2026-04-01 22:21:12,743 INFO     No hay regiones para resolución 1080p, mantengo valores actuales
2026-04-01 22:21:12,743 INFO     Iniciando Helisa Bot
2026-04-01 22:21:24,988 INFO     Overlay: click-through + no-activate activado (Windows)
2026-04-01 22:21:30,949 INFO     Overlay: click-through + no-activate activado (Windows)
2026-04-01 22:23:03,176 INFO     No hay regiones para resolución 1080p, mantengo valores actuales
2026-04-01 22:23:03,178 INFO     Iniciando Helisa Bot
2026-04-01 22:26:16,505 INFO     Regiones aplicadas para resolución 1080p
2026-04-01 22:26:16,506 INFO     Iniciando Helisa Bot
2026-04-01 22:29:08,049 INFO     Regiones aplicadas para resolución 1080p
2026-04-01 22:29:08,050 INFO     Iniciando Helisa Bot
2026-04-01 22:30:02,151 INFO     Regiones aplicadas para resolución 1080p
2026-04-01 22:30:02,152 INFO     Iniciando Helisa Bot
2026-04-01 22:31:05,445 INFO     Regiones aplicadas para resolución 1080p
2026-04-01 22:31:05,446 INFO     Iniciando Helisa Bot
2026-04-01 22:32:13,395 INFO     Regiones aplicadas para resolución 1080p
2026-04-01 22:32:14,280 INFO     Regiones aplicadas para resolución 1080p
2026-04-01 22:32:14,881 INFO     Regiones aplicadas para resolución 1080p
2026-04-01 22:33:30,510 INFO     Regiones aplicadas para resolución 1080p
2026-04-01 22:33:30,511 INFO     Iniciando Helisa Bot
2026-04-01 22:34:27,692 ERROR    apply_clickthrough fallo
Traceback (most recent call last):
  File "c:\Users\julia\OneDrive\Escritorio\PROGRAMACION\ROBOTS TRABAJO\MacroHelisaWeb - copia\Cargue_Excel.py", line 1119, in apply_clickthrough
    hwnd = ov.winfo_id()
           ^^^^^^^^^^^^^
  File "C:\Users\julia\AppData\Local\Programs\Python\Python311\Lib\tkinter\__init__.py", line 1158, in winfo_id
    return int(self.tk.call('winfo', 'id', self._w), 0)
               ^^^^^^^^^^^^^^^^^^^^^^^^^^^^^^^^^^^^
_tkinter.TclError: bad window path name ".!toplevel7"
2026-04-01 22:36:26,120 INFO     Regiones aplicadas para resolución 1080p
2026-04-01 22:36:26,121 INFO     Iniciando Helisa Bot
2026-04-01 22:39:10,002 INFO     Regiones aplicadas para resolución 1080p
2026-04-01 22:39:10,002 INFO     Iniciando Helisa Bot
2026-04-01 22:43:17,773 INFO     Regiones aplicadas para resolución 1080p
2026-04-01 22:43:17,773 INFO     Iniciando Helisa Bot
2026-04-01 22:44:50,861 INFO     Overlay: click-through + no-activate activado (Windows)
2026-04-01 22:45:04,508 INFO     Regiones aplicadas para resolución 1080p
2026-04-01 22:45:04,508 INFO     Iniciando Helisa Bot
2026-04-01 22:46:06,002 INFO     Regiones aplicadas para resolución 1080p
2026-04-01 22:46:14,897 INFO     Regiones aplicadas para resolución 1080p
2026-04-01 22:46:14,898 INFO     Iniciando Helisa Bot
2026-04-01 22:47:26,080 INFO     Regiones aplicadas para resolución 1080p
2026-04-01 22:47:26,080 INFO     Iniciando Helisa Bot
2026-04-01 22:47:57,605 INFO     Regiones aplicadas para resolución 1080p
2026-04-01 22:48:05,872 INFO     Regiones aplicadas para resolución 1080p
2026-04-01 22:49:41,225 INFO     Regiones aplicadas para resolución 1080p
2026-04-01 22:49:41,226 INFO     Iniciando Helisa Bot
2026-04-01 22:49:55,820 INFO     Regiones aplicadas para resolución 1080p
2026-04-01 22:51:33,243 INFO     Regiones aplicadas para resolución 1080p
2026-04-01 22:51:33,244 INFO     Iniciando Helisa Bot
2026-04-01 22:51:49,342 INFO     Regiones aplicadas para resolución 1080p
2026-04-01 22:53:06,459 INFO     Overlay: click-through + no-activate activado (Windows)
2026-04-01 22:56:07,168 INFO     Regiones aplicadas para resolución 1080p
2026-04-01 22:56:07,168 INFO     Iniciando Helisa Bot
2026-04-01 22:56:13,706 INFO     Overlay: click-through + no-activate activado (Windows)
2026-04-01 22:56:15,926 INFO     Overlay: click-through + no-activate activado (Windows)
2026-04-01 22:56:18,429 INFO     Overlay: click-through + no-activate activado (Windows)
2026-04-01 22:58:50,185 INFO     Regiones aplicadas para resolución 1080p
2026-04-01 22:58:50,187 INFO     Iniciando Helisa Bot
2026-04-01 22:59:01,558 INFO     Overlay: click-through + no-activate activado (Windows)
2026-04-01 22:59:45,953 INFO     Regiones aplicadas para resolución 1080p
2026-04-01 22:59:45,954 INFO     Iniciando Helisa Bot
2026-04-01 22:59:50,919 INFO     Overlay: click-through + no-activate activado (Windows)
2026-04-01 23:14:46,014 INFO     Regiones aplicadas para resolución 1080p
2026-04-01 23:14:46,015 INFO     Iniciando Helisa Bot
2026-04-01 23:16:08,388 INFO     Regiones aplicadas para resolución 1080p
2026-04-01 23:16:08,389 INFO     Iniciando Helisa Bot
2026-04-01 23:19:18,612 INFO     Regiones aplicadas para resolución 1080p
2026-04-01 23:19:18,617 INFO     Iniciando Helisa Bot
2026-04-01 23:23:58,844 INFO     Regiones aplicadas para resolución 1080p
2026-04-01 23:23:58,845 INFO     Iniciando Helisa Bot
2026-04-01 23:49:55,100 INFO     Regiones aplicadas para resolución 1080p
2026-04-01 23:49:55,101 INFO     Iniciando Helisa Bot
2026-04-01 23:50:40,647 WARNING  fill_centro_costos: no se encontró IMG_CENTRO_COSTOS_BTN en REGION_TERCERO.
2026-04-01 23:51:00,753 INFO     Regiones aplicadas para resolución 1080p
2026-04-01 23:52:28,439 INFO     Regiones aplicadas para resolución 1080p
2026-04-01 23:52:28,441 INFO     Iniciando Helisa Bot
2026-04-01 23:52:57,221 WARNING  fill_centro_costos: no se encontró IMG_CENTRO_COSTOS_BTN en REGION_TERCERO.
2026-04-01 23:53:32,263 WARNING  fill_centro_costos: no se encontró IMG_CENTRO_COSTOS_BTN en REGION_TERCERO.
2026-04-01 23:54:50,106 INFO     Regiones aplicadas para resolución 1080p
2026-04-01 23:54:50,107 INFO     Iniciando Helisa Bot
2026-04-01 23:55:42,994 WARNING  fill_centro_costos: no se encontró IMG_CENTRO_COSTOS_BTN en REGION_TERCERO.
2026-04-01 23:56:36,366 WARNING  fill_centro_costos: no se encontró IMG_CENTRO_COSTOS_BTN en REGION_TERCERO.
2026-04-01 23:57:44,893 INFO     Regiones aplicadas para resolución 1080p
2026-04-01 23:57:44,910 INFO     Iniciando Helisa Bot
2026-04-01 23:57:54,560 INFO     Regiones aplicadas para resolución 1080p
2026-04-01 23:57:54,562 INFO     Iniciando Helisa Bot
2026-04-01 23:58:15,193 INFO     fill_centro_costos: box=(493,406,469,40)  clic en (950,426)  offset=12
2026-04-01 23:58:43,498 WARNING  fill_centro_costos: no se encontró IMG_CENTRO_COSTOS_BTN en REGION_TERCERO.
2026-04-01 23:59:08,381 WARNING  fill_centro_costos: no se encontró IMG_CENTRO_COSTOS_BTN en REGION_TERCERO.
2026-04-02 00:00:25,163 INFO     Regiones aplicadas para resolución 1080p
2026-04-02 00:00:25,164 INFO     Iniciando Helisa Bot
2026-04-02 00:02:45,344 INFO     fill_centro_costos: reintentando con grayscale=True…
2026-04-02 00:02:52,004 WARNING  fill_centro_costos: no se encontró IMG_CENTRO_COSTOS_BTN en REGION_TERCERO.
2026-04-02 00:03:34,789 INFO     fill_centro_costos: box=(493,406,469,40)  clic en (950,426)  offset=12
2026-04-02 00:03:59,083 INFO     fill_centro_costos: box=(493,406,469,40)  clic en (950,426)  offset=12
2026-04-02 00:06:09,943 INFO     Regiones aplicadas para resolución 1080p
2026-04-02 00:06:09,944 INFO     Iniciando Helisa Bot
2026-04-02 00:06:48,686 INFO     fill_centro_costos: box=(493,406,469,40)  clic en (950,426)  offset=12
2026-04-02 00:39:44,923 INFO     Regiones aplicadas para resolución 1080p
2026-04-02 00:39:44,927 INFO     Iniciando Helisa Bot
2026-04-02 00:41:25,391 INFO     fill_centro_costos: box=(492,406,469,40)  clic en (949,426)  offset=12
2026-04-02 00:41:55,558 INFO     fill_centro_costos: box=(492,406,469,40)  clic en (949,426)  offset=12
2026-04-02 00:42:49,538 INFO     fill_centro_costos: box=(492,406,469,40)  clic en (949,426)  offset=12
2026-04-02 00:43:27,031 INFO     Regiones aplicadas para resolución 1080p
2026-04-02 00:43:37,558 INFO     Regiones aplicadas para resolución 1080p
2026-04-02 00:44:23,048 INFO     Regiones aplicadas para resolución 1080p
2026-04-02 00:44:38,035 INFO     Regiones aplicadas para resolución 1080p
2026-04-02 00:44:41,486 INFO     Regiones aplicadas para resolución 1080p
2026-04-02 00:44:57,120 INFO     fill_centro_costos: box=(493,406,469,40)  clic en (950,426)  offset=12
2026-04-02 13:28:02,111 INFO     Regiones aplicadas para resolución 1080p
2026-04-02 13:28:02,113 INFO     Iniciando Helisa Bot
2026-04-05 09:53:57,269 INFO     Regiones aplicadas para resolución 1080p
2026-04-05 09:53:57,272 INFO     Iniciando Helisa Bot
2026-04-05 09:55:05,145 INFO     Overlay: click-through + no-activate activado (Windows)
2026-04-05 09:55:10,921 INFO     Overlay: click-through + no-activate activado (Windows)
2026-04-05 09:55:21,213 INFO     Overlay: click-through + no-activate activado (Windows)
2026-04-25 09:48:48,097 INFO     Regiones aplicadas para resolución 1080p
2026-04-25 09:48:48,108 INFO     Iniciando Helisa Bot
2026-04-25 12:44:02,730 INFO     Regiones aplicadas para resolución 1080p
2026-04-25 12:44:02,740 INFO     Iniciando Helisa Bot
2026-04-25 12:46:30,370 INFO     Regiones aplicadas para resolución 1080p
2026-04-25 12:46:30,370 INFO     Iniciando Helisa Bot
2026-04-25 12:47:56,164 INFO     Regiones aplicadas para resolución 1080p
2026-04-25 12:47:56,164 INFO     Iniciando Helisa Bot
2026-04-25 12:49:31,344 INFO     Overlay: click-through + no-activate activado (Windows)
2026-04-25 12:49:53,076 INFO     Regiones aplicadas para resolución 2k
2026-04-25 12:51:38,400 INFO     Regiones aplicadas para resolución 1080p
2026-04-25 12:52:01,839 INFO     fill_centro_costos: box=(493,413,469,40)  clic en (950,433)  offset=12
2026-04-25 12:53:43,401 INFO     Regiones aplicadas para resolución 1080p
2026-04-25 12:53:43,401 INFO     Iniciando Helisa Bot
2026-04-25 12:54:08,394 INFO     fill_centro_costos: box=(493,413,469,40)  clic en (950,433)  offset=12
2026-04-25 12:56:34,255 INFO     Regiones aplicadas para resolución 1080p
2026-04-25 12:56:34,255 INFO     Iniciando Helisa Bot
2026-04-25 12:58:28,064 INFO     Regiones aplicadas para resolución 1080p
2026-04-25 12:58:28,064 INFO     Iniciando Helisa Bot
2026-04-25 13:00:06,739 INFO     Regiones aplicadas para resolución 1080p
2026-04-25 13:00:06,739 INFO     Iniciando Helisa Bot
2026-04-25 13:01:31,189 INFO     Regiones aplicadas para resolución 1080p
2026-04-25 13:01:31,189 INFO     Iniciando Helisa Bot
2026-04-25 13:03:49,697 INFO     Regiones aplicadas para resolución 1080p
2026-04-25 13:03:49,698 INFO     Iniciando Helisa Bot
2026-04-25 13:06:21,824 INFO     fill_centro_costos: box=(493,413,469,40)  clic en (950,433)  offset=12
2026-04-25 13:06:51,595 INFO     Overlay: click-through + no-activate activado (Windows)
2026-04-25 13:07:07,648 INFO     fill_centro_costos: box=(493,413,469,40)  clic en (950,433)  offset=12
2026-04-25 13:07:29,291 INFO     Overlay: click-through + no-activate activado (Windows)
2026-04-25 13:07:40,993 INFO     fill_centro_costos: reintentando con grayscale=True…
2026-04-25 13:07:41,054 INFO     Regiones aplicadas para resolución 1080p
2026-04-25 13:07:43,941 INFO     Regiones aplicadas para resolución 1080p
2026-04-25 13:07:47,418 WARNING  fill_centro_costos: no se encontró IMG_CENTRO_COSTOS_BTN en REGION_TERCERO.
2026-04-25 13:08:04,165 INFO     fill_centro_costos: box=(493,413,469,40)  clic en (950,433)  offset=12
2026-04-25 13:08:24,143 INFO     Overlay: click-through + no-activate activado (Windows)
2026-04-25 13:09:10,328 INFO     Overlay: click-through + no-activate activado (Windows)
2026-04-25 13:09:28,095 INFO     Overlay: click-through + no-activate activado (Windows)
2026-04-25 13:09:51,377 INFO     Regiones aplicadas para resolución 1080p
2026-04-25 13:10:01,274 INFO     Regiones aplicadas para resolución 1080p
2026-04-25 13:10:21,282 INFO     fill_centro_costos: box=(493,413,469,40)  clic en (950,433)  offset=12
2026-04-25 13:10:48,002 INFO     fill_centro_costos: box=(493,413,469,40)  clic en (950,433)  offset=12
2026-04-25 13:11:30,882 INFO     Overlay: click-through + no-activate activado (Windows)
2026-04-25 13:11:46,614 INFO     Regiones aplicadas para resolución 1080p
2026-04-25 13:11:49,992 INFO     Regiones aplicadas para resolución 1080p
2026-04-25 13:12:12,083 INFO     fill_centro_costos: box=(493,413,469,40)  clic en (950,433)  offset=12
2026-04-25 13:13:03,080 INFO     Overlay: click-through + no-activate activado (Windows)
2026-04-25 13:13:22,061 INFO     Regiones aplicadas para resolución 1080p
2026-04-25 13:13:25,186 INFO     Regiones aplicadas para resolución 1080p
2026-04-25 13:13:51,138 INFO     fill_centro_costos: box=(493,413,469,40)  clic en (950,433)  offset=12
2026-04-25 13:14:06,271 INFO     btn4 clickado pero btn5 no apareció (intento 1)
2026-04-25 13:14:20,244 INFO     btn4 clickado pero btn5 no apareció (intento 3)
2026-04-25 13:14:38,809 INFO     fill_centro_costos: box=(493,413,469,40)  clic en (950,433)  offset=12
2026-04-25 13:14:53,721 INFO     btn4 clickado pero btn5 no apareció (intento 1)
2026-04-25 13:17:51,609 INFO     Regiones aplicadas para resolución 1080p
2026-04-25 13:20:04,029 INFO     Regiones aplicadas para resolución 1080p
2026-04-25 13:20:14,294 INFO     Regiones aplicadas para resolución 1080p
2026-04-25 13:20:22,066 INFO     fill_centro_costos: box=(493,413,469,40)  clic en (950,433)  offset=12
2026-04-25 13:20:53,298 INFO     fill_centro_costos: reintentando con grayscale=True…
2026-04-25 13:20:59,606 WARNING  fill_centro_costos: no se encontró IMG_CENTRO_COSTOS_BTN en REGION_TERCERO.
2026-04-25 13:21:13,262 INFO     Overlay: click-through + no-activate activado (Windows)
2026-04-25 13:21:30,955 INFO     Regiones aplicadas para resolución 1080p
2026-04-25 13:21:33,988 INFO     Regiones aplicadas para resolución 1080p
2026-04-25 13:21:39,353 INFO     Regiones aplicadas para resolución 1080p
2026-04-25 13:21:52,333 INFO     fill_centro_costos: box=(493,413,469,40)  clic en (950,433)  offset=12
2026-04-25 13:22:52,643 INFO     Overlay: click-through + no-activate activado (Windows)
2026-04-25 13:23:10,083 INFO     Regiones aplicadas para resolución 1080p
2026-04-25 13:23:18,333 INFO     Regiones aplicadas para resolución 1080p
2026-04-25 13:23:20,972 INFO     Regiones aplicadas para resolución 1080p
2026-04-25 13:23:21,662 INFO     Regiones aplicadas para resolución 1080p
2026-04-25 13:23:37,211 INFO     fill_centro_costos: box=(493,413,469,40)  clic en (950,433)  offset=12
2026-04-25 13:23:42,727 INFO     fill_centro_costos: box=(493,413,469,40)  clic en (950,433)  offset=12
2026-04-25 13:24:00,083 INFO     fill_centro_costos: box=(493,413,469,40)  clic en (950,433)  offset=12
2026-04-25 13:24:43,886 INFO     Regiones aplicadas para resolución 1080p
2026-04-25 13:25:12,109 INFO     Regiones aplicadas para resolución 1080p
2026-04-25 13:25:15,215 INFO     Regiones aplicadas para resolución 1080p
2026-04-25 13:25:16,323 INFO     Regiones aplicadas para resolución 1080p
2026-04-25 13:25:33,474 INFO     fill_centro_costos: box=(493,413,469,40)  clic en (950,433)  offset=12
2026-04-25 13:25:48,444 INFO     btn4 clickado pero btn5 no apareció (intento 1)
2026-04-25 13:31:34,284 INFO     Regiones aplicadas para resolución 1080p
2026-04-25 13:31:38,810 INFO     Regiones aplicadas para resolución 720p
2026-04-25 13:31:52,036 INFO     Overlay: click-through + no-activate activado (Windows)
2026-04-25 13:32:34,700 INFO     Regiones aplicadas para resolución 720p
2026-04-25 13:32:46,505 INFO     fill_centro_costos: box=(216,413,469,40)  clic en (673,433)  offset=12
2026-04-25 13:33:00,664 INFO     btn4 clickado pero btn5 no apareció (intento 1)
2026-04-25 13:33:15,988 INFO     btn4 clickado pero btn5 no apareció (intento 3)
2026-04-25 14:14:31,168 INFO     Overlay: click-through + no-activate activado (Windows)
2026-04-25 14:17:49,111 INFO     Overlay: click-through + no-activate activado (Windows)
2026-04-25 14:17:59,919 INFO     fill_centro_costos: box=(493,413,469,40)  clic en (950,433)  offset=12
2026-04-25 14:20:03,147 INFO     fill_centro_costos: box=(493,413,469,40)  clic en (950,433)  offset=12
2026-04-25 14:20:21,785 INFO     Regiones aplicadas para resolución 1080p
2026-04-25 14:20:47,084 INFO     fill_centro_costos: box=(493,413,469,40)  clic en (950,433)  offset=12
2026-04-25 14:21:02,209 INFO     btn4 clickado pero btn5 no apareció (intento 1)
2026-04-25 14:21:28,833 INFO     fill_centro_costos: reintentando con grayscale=True…
2026-04-25 14:21:35,460 WARNING  fill_centro_costos: no se encontró IMG_CENTRO_COSTOS_BTN en REGION_TERCERO.
2026-04-25 14:25:31,724 INFO     Regiones aplicadas para resolución 1080p
2026-04-25 14:25:31,724 INFO     Iniciando Helisa Bot
2026-04-25 14:26:10,302 INFO     fill_centro_costos: box=(493,413,469,40)  clic en (950,433)  offset=12
2026-04-25 14:26:28,595 INFO     btn4 clickado pero btn5 no apareció (intento 1)
